<?xml version="1.0" encoding="utf-8"?><testsuites name="pytest tests"><testsuite name="pytest" errors="6" failures="10" skipped="1" tests="44" time="6.535" timestamp="2026-05-07T10:29:24.420689+00:00" hostname="agent-env-04164c2d-d5ec-472e-b361-1bbfc58c7c06"><testcase classname="backend.tests.test_clinimetria_api" name="test_root" time="0.163" /><testcase classname="backend.tests.test_clinimetria_api" name="test_list_patients" time="0.048"><error message="failed on setup with &quot;AssertionError: {&quot;detail&quot;:&quot;Non autenticato&quot;}&#10;assert 401 == 200&#10; +  where 401 = &lt;Response [401]&gt;.status_code&quot;">backend/tests/test_clinimetria_api.py:36: in created_patient
    assert r.status_code == 200, r.text
E   AssertionError: {"detail":"Non autenticato"}
E   assert 401 == 200
E    +  where 401 = &lt;Response [401]&gt;.status_code</error></testcase><testcase classname="backend.tests.test_clinimetria_api" name="test_get_patient" time="0.000"><error message="failed on setup with &quot;AssertionError: {&quot;detail&quot;:&quot;Non autenticato&quot;}&#10;assert 401 == 200&#10; +  where 401 = &lt;Response [401]&gt;.status_code&quot;">backend/tests/test_clinimetria_api.py:36: in created_patient
    assert r.status_code == 200, r.text
E   AssertionError: {"detail":"Non autenticato"}
E   assert 401 == 200
E    +  where 401 = &lt;Response [401]&gt;.status_code</error></testcase><testcase classname="backend.tests.test_clinimetria_api" name="test_get_patient_404" time="0.046"><failure message="assert 401 == 404&#10; +  where 401 = &lt;Response [401]&gt;.status_code">backend/tests/test_clinimetria_api.py:72: in test_get_patient_404
    assert r.status_code == 404
E   assert 401 == 404
E    +  where 401 = &lt;Response [401]&gt;.status_code</failure></testcase><testcase classname="backend.tests.test_clinimetria_api" name="test_update_patient" time="0.000"><error message="failed on setup with &quot;AssertionError: {&quot;detail&quot;:&quot;Non autenticato&quot;}&#10;assert 401 == 200&#10; +  where 401 = &lt;Response [401]&gt;.status_code&quot;">backend/tests/test_clinimetria_api.py:36: in created_patient
    assert r.status_code == 200, r.text
E   AssertionError: {"detail":"Non autenticato"}
E   assert 401 == 200
E    +  where 401 = &lt;Response [401]&gt;.status_code</error></testcase><testcase classname="backend.tests.test_clinimetria_api" name="test_update_patient_404" time="0.044"><failure message="assert 401 == 404&#10; +  where 401 = &lt;Response [401]&gt;.status_code">backend/tests/test_clinimetria_api.py:86: in test_update_patient_404
    assert r.status_code == 404
E   assert 401 == 404
E    +  where 401 = &lt;Response [401]&gt;.status_code</failure></testcase><testcase classname="backend.tests.test_clinimetria_api" name="test_update_patient_empty_payload" time="0.000"><error message="failed on setup with &quot;AssertionError: {&quot;detail&quot;:&quot;Non autenticato&quot;}&#10;assert 401 == 200&#10; +  where 401 = &lt;Response [401]&gt;.status_code&quot;">backend/tests/test_clinimetria_api.py:36: in created_patient
    assert r.status_code == 200, r.text
E   AssertionError: {"detail":"Non autenticato"}
E   assert 401 == 200
E    +  where 401 = &lt;Response [401]&gt;.status_code</error></testcase><testcase classname="backend.tests.test_clinimetria_api" name="test_create_assessment" time="0.000"><error message="failed on setup with &quot;AssertionError: {&quot;detail&quot;:&quot;Non autenticato&quot;}&#10;assert 401 == 200&#10; +  where 401 = &lt;Response [401]&gt;.status_code&quot;">backend/tests/test_clinimetria_api.py:36: in created_patient
    assert r.status_code == 200, r.text
E   AssertionError: {"detail":"Non autenticato"}
E   assert 401 == 200
E    +  where 401 = &lt;Response [401]&gt;.status_code</error></testcase><testcase classname="backend.tests.test_clinimetria_api" name="test_create_assessment_invalid_patient" time="0.043"><failure message="assert 401 == 404&#10; +  where 401 = &lt;Response [401]&gt;.status_code">backend/tests/test_clinimetria_api.py:122: in test_create_assessment_invalid_patient
    assert r.status_code == 404
E   assert 401 == 404
E    +  where 401 = &lt;Response [401]&gt;.status_code</failure></testcase><testcase classname="backend.tests.test_clinimetria_api" name="test_list_patient_assessments" time="0.000"><error message="failed on setup with &quot;AssertionError: {&quot;detail&quot;:&quot;Non autenticato&quot;}&#10;assert 401 == 200&#10; +  where 401 = &lt;Response [401]&gt;.status_code&quot;">backend/tests/test_clinimetria_api.py:36: in created_patient
    assert r.status_code == 200, r.text
E   AssertionError: {"detail":"Non autenticato"}
E   assert 401 == 200
E    +  where 401 = &lt;Response [401]&gt;.status_code</error></testcase><testcase classname="backend.tests.test_clinimetria_api" name="test_get_assessment" time="0.000"><failure message="assert None">backend/tests/test_clinimetria_api.py:138: in test_get_assessment
    assert aid
E   assert None</failure></testcase><testcase classname="backend.tests.test_clinimetria_api" name="test_get_assessment_404" time="0.045"><failure message="assert 401 == 404&#10; +  where 401 = &lt;Response [401]&gt;.status_code">backend/tests/test_clinimetria_api.py:146: in test_get_assessment_404
    assert r.status_code == 404
E   assert 401 == 404
E    +  where 401 = &lt;Response [401]&gt;.status_code</failure></testcase><testcase classname="backend.tests.test_clinimetria_api" name="test_stats" time="0.044"><failure message="assert 401 == 200&#10; +  where 401 = &lt;Response [401]&gt;.status_code">backend/tests/test_clinimetria_api.py:151: in test_stats
    assert r.status_code == 200
E   assert 401 == 200
E    +  where 401 = &lt;Response [401]&gt;.status_code</failure></testcase><testcase classname="backend.tests.test_clinimetria_api" name="test_delete_assessment" time="0.000"><failure message="assert None">backend/tests/test_clinimetria_api.py:161: in test_delete_assessment
    assert aid
E   assert None</failure></testcase><testcase classname="backend.tests.test_clinimetria_api" name="test_delete_assessment_404" time="0.043"><failure message="assert 401 == 404&#10; +  where 401 = &lt;Response [401]&gt;.status_code">backend/tests/test_clinimetria_api.py:170: in test_delete_assessment_404
    assert r.status_code == 404
E   assert 401 == 404
E    +  where 401 = &lt;Response [401]&gt;.status_code</failure></testcase><testcase classname="backend.tests.test_clinimetria_api" name="test_cascade_delete_patient" time="0.044"><failure message="KeyError: 'id'">backend/tests/test_clinimetria_api.py:176: in test_cascade_delete_patient
    pid = pr.json()["id"]
          ^^^^^^^^^^^^^^^
E   KeyError: 'id'</failure></testcase><testcase classname="backend.tests.test_clinimetria_api" name="test_delete_patient_404" time="0.044"><failure message="assert 401 == 404&#10; +  where 401 = &lt;Response [401]&gt;.status_code">backend/tests/test_clinimetria_api.py:192: in test_delete_patient_404
    assert r.status_code == 404
E   assert 401 == 404
E    +  where 401 = &lt;Response [401]&gt;.status_code</failure></testcase><testcase classname="backend.tests.test_iter5_features.TestDiagnosiSecondarie" name="test_create_patient_with_diagnosi_secondarie" time="0.464" /><testcase classname="backend.tests.test_iter5_features.TestDiagnosiSecondarie" name="test_update_patient_diagnosi_secondarie_to_single" time="0.116" /><testcase classname="backend.tests.test_iter5_features.TestDiagnosiSecondarie" name="test_create_patient_with_no_diagnosi_secondarie_defaults_empty" time="0.059" /><testcase classname="backend.tests.test_iter5_features.TestEsspriFiqrPRO" name="test_esspri_not_rejected_anymore" time="0.120" /><testcase classname="backend.tests.test_iter5_features.TestEsspriFiqrPRO" name="test_create_pro_token_with_esspri_fiqr_vaspain" time="0.059" /><testcase classname="backend.tests.test_iter5_features.TestEsspriFiqrPRO" name="test_public_get_token_no_auth" time="0.112" /><testcase classname="backend.tests.test_iter5_features.TestEsspriFiqrPRO" name="test_public_submit_esspri_fiqr_vaspain" time="0.110" /><testcase classname="backend.tests.test_iter5_features.TestEsspriFiqrPRO" name="test_public_get_after_submit_marks_completed" time="0.130" /><testcase classname="backend.tests.test_iter5_features.TestEsspriFiqrPRO" name="test_double_submit_returns_409" time="0.310" /><testcase classname="backend.tests.test_iter6_refactor.TestAuthMeIsDemo" name="test_admin_me_has_is_demo_false" time="0.424" /><testcase classname="backend.tests.test_iter6_refactor.TestAuthMeIsDemo" name="test_demo_session_me_has_is_demo_true" time="0.488" /><testcase classname="backend.tests.test_iter6_refactor.TestExportCohortRefactor" name="test_export_no_filter_structure" time="0.104" /><testcase classname="backend.tests.test_iter6_refactor.TestExportCohortRefactor" name="test_export_anchor_drug_methotrexate" time="0.094" /><testcase classname="backend.tests.test_iter6_refactor.TestExportCohortRefactor" name="test_export_diagnosis_filter_artrite_reumatoide" time="0.092" /><testcase classname="backend.tests.test_iter6_refactor.TestExportCohortRefactor" name="test_export_pseudonymized_mode_skips_pii" time="0.071"><skipped type="pytest.skip" message="admin org is not in pseudonymized_mode; skip PII-masking check">/app/backend/tests/test_iter6_refactor.py:156: admin org is not in pseudonymized_mode; skip PII-masking check</skipped></testcase><testcase classname="backend.tests.test_pro_basdai_basfi_regression.TestPROBasdaiBasfiRegression" name="test_score_formulas_sanity" time="0.000" /><testcase classname="backend.tests.test_pro_basdai_basfi_regression.TestPROBasdaiBasfiRegression" name="test_full_flow_scores_persist_correctly" time="1.098" /><testcase classname="backend.tests.test_pro_basdai_basfi_regression.TestPROBasdaiBasfiRegression" name="test_convert_creates_assessments_with_correct_scores" time="0.355" /><testcase classname="backend.tests.test_refactor_regression.TestDemoAuthRefactor" name="test_demo_returns_200_with_expected_payload" time="0.338" /><testcase classname="backend.tests.test_refactor_regression.TestDemoAuthRefactor" name="test_demo_cookies_are_set" time="0.000" /><testcase classname="backend.tests.test_refactor_regression.TestDemoAuthRefactor" name="test_demo_me_endpoint" time="0.045" /><testcase classname="backend.tests.test_refactor_regression.TestDemoAuthRefactor" name="test_demo_patients_list_has_3" time="0.046" /><testcase classname="backend.tests.test_refactor_regression.TestDemoAuthRefactor" name="test_demo_patient_has_assessments_and_therapies" time="0.138" /><testcase classname="backend.tests.test_refactor_regression.TestAdminAuth" name="test_admin_login_ok" time="0.392" /><testcase classname="backend.tests.test_refactor_regression.TestPROFlow" name="test_pro_basdai_score_is_5" time="0.326" /><testcase classname="backend.tests.test_refactor_regression.TestExports" name="test_export_diagnoses_returns_list" time="0.048" /><testcase classname="backend.tests.test_refactor_regression.TestExports" name="test_export_cohort_xlsx_smoke" time="0.062" /></testsuite></testsuites>