<?xml version="1.0" encoding="utf-8"?><testsuites name="pytest tests"><testsuite name="pytest" errors="0" failures="0" skipped="0" tests="9" time="1.848" timestamp="2026-05-07T09:06:51.390404+00:00" hostname="agent-env-04164c2d-d5ec-472e-b361-1bbfc58c7c06"><testcase classname="backend.tests.test_iter5_features.TestDiagnosiSecondarie" name="test_create_patient_with_diagnosi_secondarie" time="0.585" /><testcase classname="backend.tests.test_iter5_features.TestDiagnosiSecondarie" name="test_update_patient_diagnosi_secondarie_to_single" time="0.113" /><testcase classname="backend.tests.test_iter5_features.TestDiagnosiSecondarie" name="test_create_patient_with_no_diagnosi_secondarie_defaults_empty" time="0.044" /><testcase classname="backend.tests.test_iter5_features.TestEsspriFiqrPRO" name="test_esspri_not_rejected_anymore" time="0.094" /><testcase classname="backend.tests.test_iter5_features.TestEsspriFiqrPRO" name="test_create_pro_token_with_esspri_fiqr_vaspain" time="0.047" /><testcase classname="backend.tests.test_iter5_features.TestEsspriFiqrPRO" name="test_public_get_token_no_auth" time="0.139" /><testcase classname="backend.tests.test_iter5_features.TestEsspriFiqrPRO" name="test_public_submit_esspri_fiqr_vaspain" time="0.150" /><testcase classname="backend.tests.test_iter5_features.TestEsspriFiqrPRO" name="test_public_get_after_submit_marks_completed" time="0.098" /><testcase classname="backend.tests.test_iter5_features.TestEsspriFiqrPRO" name="test_double_submit_returns_409" time="0.345" /></testsuite></testsuites>