<?xml version="1.0" encoding="utf-8"?><testsuites name="pytest tests"><testsuite name="pytest" errors="0" failures="1" skipped="0" tests="11" time="2.308" timestamp="2026-05-07T10:47:40.607848+00:00" hostname="agent-env-04164c2d-d5ec-472e-b361-1bbfc58c7c06"><testcase classname="backend.tests.test_iter7_recall_recent.TestRecallFlagPut" name="test_set_shared_with_note_returns_metadata" time="0.547" /><testcase classname="backend.tests.test_iter7_recall_recent.TestRecallFlagPut" name="test_BUG_get_patient_strips_recall_field" time="0.103"><failure message="AssertionError: BUG: GET /patients/{id} does not include the persisted `recall` field. This breaks RecallFlagControl on page reload.&#10;assert None == 'shared'&#10; +  where None = &lt;built-in method get of dict object at 0xfad992742d80&gt;('flag')&#10; +    where &lt;built-in method get of dict object at 0xfad992742d80&gt; = {}.get&#10; +      where {} = &lt;built-in method get of dict object at 0xfad992753340&gt;('recall', {})&#10; +        where &lt;built-in method get of dict object at 0xfad992753340&gt; = {'anno_nascita': None, 'codice_fiscale': '', 'codice_paziente': None, 'cognome': 'Delta', ...}.get">backend/tests/test_iter7_recall_recent.py:145: in test_BUG_get_patient_strips_recall_field
    assert gp.get("recall", {}).get("flag") == "shared", (
E   AssertionError: BUG: GET /patients/{id} does not include the persisted `recall` field. This breaks RecallFlagControl on page reload.
E   assert None == 'shared'
E    +  where None = &lt;built-in method get of dict object at 0xfad992742d80&gt;('flag')
E    +    where &lt;built-in method get of dict object at 0xfad992742d80&gt; = {}.get
E    +      where {} = &lt;built-in method get of dict object at 0xfad992753340&gt;('recall', {})
E    +        where &lt;built-in method get of dict object at 0xfad992753340&gt; = {'anno_nascita': None, 'codice_fiscale': '', 'codice_paziente': None, 'cognome': 'Delta', ...}.get</failure></testcase><testcase classname="backend.tests.test_iter7_recall_recent.TestRecallFlagPut" name="test_set_private_returns_private_flag" time="0.051" /><testcase classname="backend.tests.test_iter7_recall_recent.TestRecallFlagPut" name="test_set_null_removes_recall" time="0.095" /><testcase classname="backend.tests.test_iter7_recall_recent.TestRecallFlagPut" name="test_invalid_flag_returns_400" time="0.048" /><testcase classname="backend.tests.test_iter7_recall_recent.TestRecallFlagPut" name="test_recall_on_unknown_patient_returns_404" time="0.050" /><testcase classname="backend.tests.test_iter7_recall_recent.TestPatientsRecallVisibility" name="test_list_recall_returns_shared_and_my_private" time="0.709" /><testcase classname="backend.tests.test_iter7_recall_recent.TestPatientsRecallVisibility" name="test_second_user_private_invisible_to_admin" time="0.308" /><testcase classname="backend.tests.test_iter7_recall_recent.TestPatientsRecentMine" name="test_recent_mine_isolates_per_user" time="0.141" /><testcase classname="backend.tests.test_iter7_recall_recent.TestPatientsRecentMine" name="test_recent_mine_days_param_clamped" time="0.096" /><testcase classname="backend.tests.test_iter7_recall_recent.TestAuthMeRegression" name="test_admin_me_still_returns_is_demo" time="0.048" /></testsuite></testsuites>