<?xml version="1.0" encoding="utf-8"?><testsuites name="pytest tests"><testsuite name="pytest" errors="0" failures="0" skipped="0" tests="3" time="1.868" timestamp="2026-05-06T23:13:28.039926+00:00" hostname="agent-env-04164c2d-d5ec-472e-b361-1bbfc58c7c06"><testcase classname="backend.tests.test_pro_basdai_basfi_regression.TestPROBasdaiBasfiRegression" name="test_score_formulas_sanity" time="0.000" /><testcase classname="backend.tests.test_pro_basdai_basfi_regression.TestPROBasdaiBasfiRegression" name="test_full_flow_scores_persist_correctly" time="1.176" /><testcase classname="backend.tests.test_pro_basdai_basfi_regression.TestPROBasdaiBasfiRegression" name="test_convert_creates_assessments_with_correct_scores" time="0.492" /></testsuite></testsuites>