<?xml version="1.0" encoding="utf-8"?><testsuites name="pytest tests"><testsuite name="pytest" errors="0" failures="0" skipped="0" tests="17" time="1.849" timestamp="2026-05-02T22:15:23.933882+00:00" hostname="agent-env-04164c2d-d5ec-472e-b361-1bbfc58c7c06"><testcase classname="backend.tests.test_clinimetria_api" name="test_root" time="0.297" /><testcase classname="backend.tests.test_clinimetria_api" name="test_list_patients" time="0.115" /><testcase classname="backend.tests.test_clinimetria_api" name="test_get_patient" time="0.064" /><testcase classname="backend.tests.test_clinimetria_api" name="test_get_patient_404" time="0.054" /><testcase classname="backend.tests.test_clinimetria_api" name="test_update_patient" time="0.116" /><testcase classname="backend.tests.test_clinimetria_api" name="test_update_patient_404" time="0.061" /><testcase classname="backend.tests.test_clinimetria_api" name="test_update_patient_empty_payload" time="0.065" /><testcase classname="backend.tests.test_clinimetria_api" name="test_create_assessment" time="0.060" /><testcase classname="backend.tests.test_clinimetria_api" name="test_create_assessment_invalid_patient" time="0.056" /><testcase classname="backend.tests.test_clinimetria_api" name="test_list_patient_assessments" time="0.056" /><testcase classname="backend.tests.test_clinimetria_api" name="test_get_assessment" time="0.069" /><testcase classname="backend.tests.test_clinimetria_api" name="test_get_assessment_404" time="0.064" /><testcase classname="backend.tests.test_clinimetria_api" name="test_stats" time="0.057" /><testcase classname="backend.tests.test_clinimetria_api" name="test_delete_assessment" time="0.113" /><testcase classname="backend.tests.test_clinimetria_api" name="test_delete_assessment_404" time="0.067" /><testcase classname="backend.tests.test_clinimetria_api" name="test_cascade_delete_patient" time="0.279" /><testcase classname="backend.tests.test_clinimetria_api" name="test_delete_patient_404" time="0.112" /></testsuite></testsuites>