<?xml version="1.0" encoding="utf-8"?><testsuites name="pytest tests"><testsuite name="pytest" errors="0" failures="0" skipped="0" tests="9" time="2.303" timestamp="2026-05-06T23:26:14.379921+00:00" hostname="agent-env-04164c2d-d5ec-472e-b361-1bbfc58c7c06"><testcase classname="backend.tests.test_refactor_regression.TestDemoAuthRefactor" name="test_demo_returns_200_with_expected_payload" time="0.510" /><testcase classname="backend.tests.test_refactor_regression.TestDemoAuthRefactor" name="test_demo_cookies_are_set" time="0.000" /><testcase classname="backend.tests.test_refactor_regression.TestDemoAuthRefactor" name="test_demo_me_endpoint" time="0.094" /><testcase classname="backend.tests.test_refactor_regression.TestDemoAuthRefactor" name="test_demo_patients_list_has_3" time="0.086" /><testcase classname="backend.tests.test_refactor_regression.TestDemoAuthRefactor" name="test_demo_patient_has_assessments_and_therapies" time="0.266" /><testcase classname="backend.tests.test_refactor_regression.TestAdminAuth" name="test_admin_login_ok" time="0.456" /><testcase classname="backend.tests.test_refactor_regression.TestPROFlow" name="test_pro_basdai_score_is_5" time="0.602" /><testcase classname="backend.tests.test_refactor_regression.TestExports" name="test_export_diagnoses_returns_list" time="0.096" /><testcase classname="backend.tests.test_refactor_regression.TestExports" name="test_export_cohort_xlsx_smoke" time="0.112" /></testsuite></testsuites>